<!DOCTYPE html PUBLIC "-//W3C//DTD XHTML 1.1//EN" "https://www.w3.org/TR/xhtml11/DTD/xhtml11.dtd">
<html xmlns="https://www.w3.org/1999/xhtml">
<head>
<meta http-equiv="content-type" content="text/html; charset=UTF-8"/>
<title>TestNG Report</title>
<style type="text/css">table {margin-bottom:10px;border-collapse:collapse;empty-cells:show}th,td {border:1px solid #009;padding:.25em .5em}th {vertical-align:bottom}td {vertical-align:top}table a {font-weight:bold}.stripe td {background-color: #E6EBF9}.num {text-align:right}.passedodd td {background-color: #3F3}.passedeven td {background-color: #0A0}.skippedodd td {background-color: #DDD}.skippedeven td {background-color: #CCC}.failedodd td,.attn {background-color: #F33}.failedeven td,.stripe .attn {background-color: #D00}.stacktrace {white-space:pre;font-family:monospace}.totop {font-size:85%;text-align:center;border-bottom:2px solid #000}.invisible {display:none}</style>
</head>
<body>
<table>
<tr><th>Test</th><th># Passed</th><th># Skipped</th><th># Retried</th><th># Failed</th><th>Time (ms)</th><th>Included Groups</th><th>Excluded Groups</th></tr>
<tr><th colspan="8">Multithreading in different browsers</th></tr>
<tr><td><a href="#t0">Tests for Firefox</a></td><td class="num">4</td><td class="num">0</td><td class="num attn">2</td><td class="num attn">3</td><td class="num">82 868</td><td></td><td></td></tr>
<tr class="stripe"><td><a href="#t1">Tests for Chrome</a></td><td class="num">9</td><td class="num">0</td><td class="num">0</td><td class="num">0</td><td class="num">151 320</td><td></td><td></td></tr>
<tr><th>Total</th><th class="num">13</th><th class="num">0</th><th class="num attn">2</th><th class="num attn">3</th><th class="num">234 188</th><th colspan="2"></th></tr>
</table>
<table id='summary'><thead><tr><th>Class</th><th>Method</th><th>Start</th><th>Time (ms)</th></tr></thead><tbody><tr><th colspan="4">Multithreading in different browsers</th></tr></tbody><tbody id="t0"><tr><th colspan="4">Tests for Firefox &#8212; failed</th></tr><tr class="failedeven"><td rowspan="2">by.teachmeskills.AccountTest</td><td><a href="#m0">addAddress</a></td><td rowspan="1">1690226051366</td><td rowspan="1">10774</td></tr><tr class="failedeven"><td><a href="#m1">deleteAddress</a></td><td rowspan="1">1690226077066</td><td rowspan="1">8557</td></tr><tr class="failedodd"><td rowspan="1">by.teachmeskills.SearchTest</td><td><a href="#m2">searchItemByFullName</a></td><td rowspan="1">1690226037052</td><td rowspan="1">4827</td></tr><tr><th colspan="4">Tests for Firefox &#8212; retried</th></tr><tr class="retriedeven"><td rowspan="2">by.teachmeskills.SearchTest</td><td><a href="#m3">searchItemByFullName</a></td><td rowspan="2">1690226020976</td><td rowspan="2">5004</td></tr><tr class="retriedeven"><td><a href="#m4">searchItemByFullName</a></td></tr><tr><th colspan="4">Tests for Firefox &#8212; passed</th></tr><tr class="passedeven"><td rowspan="1">by.teachmeskills.AccountTest</td><td><a href="#m5">checkedOrderHistory</a></td><td rowspan="1">1690226064733</td><td rowspan="1">9842</td></tr><tr class="passedodd"><td rowspan="3">by.teachmeskills.SearchTest</td><td><a href="#m6">emptySearch</a></td><td rowspan="1">1690226006652</td><td rowspan="1">4563</td></tr><tr class="passedodd"><td><a href="#m7">searchItemByFirstChr</a></td><td rowspan="1">1690226013826</td><td rowspan="1">4658</td></tr><tr class="passedodd"><td><a href="#m8">wrongSearch</a></td><td rowspan="1">1690226044667</td><td rowspan="1">4212</td></tr></tbody>
<tbody id="t1"><tr><th colspan="4">Tests for Chrome &#8212; passed</th></tr><tr class="passedeven"><td rowspan="3">by.teachmeskills.CartTest</td><td><a href="#m9">checkedAddingItemToCart</a></td><td rowspan="1">1690226065415</td><td rowspan="1">18446</td></tr><tr class="passedeven"><td><a href="#m10">payByBankWire</a></td><td rowspan="1">1690226086288</td><td rowspan="1">32222</td></tr><tr class="passedeven"><td><a href="#m11">payByCheck</a></td><td rowspan="1">1690226121113</td><td rowspan="1">33602</td></tr><tr class="passedodd"><td rowspan="6">by.teachmeskills.LoginTest</td><td><a href="#m12">loginValidUser</a></td><td rowspan="1">1690226006773</td><td rowspan="1">7895</td></tr><tr class="passedodd"><td><a href="#m13">loginWithWrongEmail</a></td><td rowspan="1">1690226016977</td><td rowspan="1">8149</td></tr><tr class="passedodd"><td><a href="#m14">loginWithWrongPassword</a></td><td rowspan="1">1690226027399</td><td rowspan="1">7546</td></tr><tr class="passedodd"><td><a href="#m15">loginWithoutData</a></td><td rowspan="1">1690226037386</td><td rowspan="1">5166</td></tr><tr class="passedodd"><td><a href="#m16">loginWithoutPassword</a></td><td rowspan="1">1690226044802</td><td rowspan="1">5637</td></tr><tr class="passedodd"><td><a href="#m17">logoutTest</a></td><td rowspan="1">1690226052678</td><td rowspan="1">10480</td></tr></tbody>
</table>
<h2>Tests for Firefox</h2><h3 id="m0">by.teachmeskills.AccountTest#addAddress</h3><table class="result"><tr><th>Exception</th></tr><tr><td><div class="stacktrace">org.openqa.selenium.ElementClickInterceptedException: Element &lt;select id=&quot;id_country&quot; class=&quot;form-control&quot; name=&quot;id_country&quot;&gt; is not clickable at point (468,851) because another element &lt;html class=&quot;&quot;&gt; obscures it
Build info: version: &apos;4.8.1&apos;, revision: &apos;8ebccac989&apos;
System info: os.name: &apos;Mac OS X&apos;, os.arch: &apos;aarch64&apos;, os.version: &apos;13.4.1&apos;, java.version: &apos;18.0.2&apos;
Driver info: org.openqa.selenium.firefox.FirefoxDriver
Command: [601e2be1-236e-40b5-be4c-c0f0dec2bbac, clickElement {id=3dbc077c-0cdd-4d00-bf9d-8a11d4912f8d}]
Capabilities {acceptInsecureCerts: true, browserName: firefox, browserVersion: 115.0.2, moz:accessibilityChecks: false, moz:buildID: 20230710165010, moz:debuggerAddress: 127.0.0.1:40844, moz:geckodriverVersion: 0.33.0, moz:headless: false, moz:platformVersion: 22.5.0, moz:processID: 67018, moz:profile: /var/folders/f8/9zv0_j0s09b..., moz:shutdownTimeout: 60000, moz:useNonSpecCompliantPointerOrigin: false, moz:webdriverClick: true, moz:windowless: false, pageLoadStrategy: normal, platformName: MAC, proxy: Proxy(), se:cdp: ws://127.0.0.1:40844/devtoo..., se:cdpVersion: 85.0, setWindowRect: true, strictFileInteractability: false, timeouts: {implicit: 0, pageLoad: 300000, script: 30000}, unhandledPromptBehavior: dismiss and notify}
Element: [[FirefoxDriver: firefox on MAC (601e2be1-236e-40b5-be4c-c0f0dec2bbac)] -&gt; id: id_country]
Session ID: 601e2be1-236e-40b5-be4c-c0f0dec2bbac
	at org.openqa.selenium.remote.codec.w3c.W3CHttpResponseCodec.createException(W3CHttpResponseCodec.java:200)
	at org.openqa.selenium.remote.codec.w3c.W3CHttpResponseCodec.decode(W3CHttpResponseCodec.java:133)
	at org.openqa.selenium.remote.codec.w3c.W3CHttpResponseCodec.decode(W3CHttpResponseCodec.java:53)
	at org.openqa.selenium.remote.HttpCommandExecutor.execute(HttpCommandExecutor.java:184)
	at org.openqa.selenium.remote.service.DriverCommandExecutor.invokeExecute(DriverCommandExecutor.java:167)
	at org.openqa.selenium.remote.service.DriverCommandExecutor.execute(DriverCommandExecutor.java:142)
	at org.openqa.selenium.remote.RemoteWebDriver.execute(RemoteWebDriver.java:543)
	at org.openqa.selenium.remote.RemoteWebElement.execute(RemoteWebElement.java:257)
	at org.openqa.selenium.remote.RemoteWebElement.click(RemoteWebElement.java:78)
	at by.teachmeskills.page.AccountPage.addNewAddressWithRequiredFields(AccountPage.java:48)
	at by.teachmeskills.AccountTest.addAddress(AccountTest.java:18)
	at java.base/java.util.ArrayList.forEach(ArrayList.java:1511)
	at java.base/java.util.concurrent.FutureTask.run(FutureTask.java:264)
	at java.base/java.util.concurrent.ThreadPoolExecutor.runWorker(ThreadPoolExecutor.java:1136)
	at java.base/java.util.concurrent.ThreadPoolExecutor$Worker.run(ThreadPoolExecutor.java:635)
	at java.base/java.lang.Thread.run(Thread.java:833)
... Removed 18 stack frames</div></td></tr></table><p class="totop"><a href="#summary">back to summary</a></p>
<h3 id="m1">by.teachmeskills.AccountTest#deleteAddress</h3><table class="result"><tr><th>Exception</th></tr><tr><td><div class="stacktrace">org.openqa.selenium.ElementClickInterceptedException: Element &lt;select id=&quot;id_country&quot; class=&quot;form-control&quot; name=&quot;id_country&quot;&gt; is not clickable at point (468,851) because another element &lt;html class=&quot;&quot;&gt; obscures it
Build info: version: &apos;4.8.1&apos;, revision: &apos;8ebccac989&apos;
System info: os.name: &apos;Mac OS X&apos;, os.arch: &apos;aarch64&apos;, os.version: &apos;13.4.1&apos;, java.version: &apos;18.0.2&apos;
Driver info: org.openqa.selenium.firefox.FirefoxDriver
Command: [7df27232-ff22-44da-811b-ce35c956e3d6, clickElement {id=77c59ef8-9daa-4584-b81e-e0870ce2b5f2}]
Capabilities {acceptInsecureCerts: true, browserName: firefox, browserVersion: 115.0.2, moz:accessibilityChecks: false, moz:buildID: 20230710165010, moz:debuggerAddress: 127.0.0.1:28244, moz:geckodriverVersion: 0.33.0, moz:headless: false, moz:platformVersion: 22.5.0, moz:processID: 67097, moz:profile: /var/folders/f8/9zv0_j0s09b..., moz:shutdownTimeout: 60000, moz:useNonSpecCompliantPointerOrigin: false, moz:webdriverClick: true, moz:windowless: false, pageLoadStrategy: normal, platformName: MAC, proxy: Proxy(), se:cdp: ws://127.0.0.1:28244/devtoo..., se:cdpVersion: 85.0, setWindowRect: true, strictFileInteractability: false, timeouts: {implicit: 0, pageLoad: 300000, script: 30000}, unhandledPromptBehavior: dismiss and notify}
Element: [[FirefoxDriver: firefox on MAC (7df27232-ff22-44da-811b-ce35c956e3d6)] -&gt; id: id_country]
Session ID: 7df27232-ff22-44da-811b-ce35c956e3d6
	at org.openqa.selenium.remote.codec.w3c.W3CHttpResponseCodec.createException(W3CHttpResponseCodec.java:200)
	at org.openqa.selenium.remote.codec.w3c.W3CHttpResponseCodec.decode(W3CHttpResponseCodec.java:133)
	at org.openqa.selenium.remote.codec.w3c.W3CHttpResponseCodec.decode(W3CHttpResponseCodec.java:53)
	at org.openqa.selenium.remote.HttpCommandExecutor.execute(HttpCommandExecutor.java:184)
	at org.openqa.selenium.remote.service.DriverCommandExecutor.invokeExecute(DriverCommandExecutor.java:167)
	at org.openqa.selenium.remote.service.DriverCommandExecutor.execute(DriverCommandExecutor.java:142)
	at org.openqa.selenium.remote.RemoteWebDriver.execute(RemoteWebDriver.java:543)
	at org.openqa.selenium.remote.RemoteWebElement.execute(RemoteWebElement.java:257)
	at org.openqa.selenium.remote.RemoteWebElement.click(RemoteWebElement.java:78)
	at by.teachmeskills.page.AccountPage.addNewAddressWithRequiredFields(AccountPage.java:48)
	at by.teachmeskills.AccountTest.deleteAddress(AccountTest.java:37)
	at java.base/java.util.ArrayList.forEach(ArrayList.java:1511)
	at java.base/java.util.concurrent.FutureTask.run(FutureTask.java:264)
	at java.base/java.util.concurrent.ThreadPoolExecutor.runWorker(ThreadPoolExecutor.java:1136)
	at java.base/java.util.concurrent.ThreadPoolExecutor$Worker.run(ThreadPoolExecutor.java:635)
	at java.base/java.lang.Thread.run(Thread.java:833)
... Removed 18 stack frames</div></td></tr></table><p class="totop"><a href="#summary">back to summary</a></p>
<h3 id="m2">by.teachmeskills.SearchTest#searchItemByFullName</h3><table class="result"><tr><th>Exception</th></tr><tr><td><div class="stacktrace">org.openqa.selenium.ElementClickInterceptedException: Element &lt;a class=&quot;product-name&quot; href=&quot;http://prestashop.qatestlab.com.ua/ru/casual-dresses/3-printed-dress.html?search_query=Printed&amp;results=13&quot;&gt; is not clickable at point (749,853) because another element &lt;html class=&quot;&quot;&gt; obscures it
Build info: version: &apos;4.8.1&apos;, revision: &apos;8ebccac989&apos;
System info: os.name: &apos;Mac OS X&apos;, os.arch: &apos;aarch64&apos;, os.version: &apos;13.4.1&apos;, java.version: &apos;18.0.2&apos;
Driver info: org.openqa.selenium.firefox.FirefoxDriver
Command: [45cf2cfc-9b9b-4779-8e45-111d32cfbcc6, clickElement {id=06677a33-51b5-448f-9a90-6fb6709db4d4}]
Capabilities {acceptInsecureCerts: true, browserName: firefox, browserVersion: 115.0.2, moz:accessibilityChecks: false, moz:buildID: 20230710165010, moz:debuggerAddress: 127.0.0.1:24215, moz:geckodriverVersion: 0.33.0, moz:headless: false, moz:platformVersion: 22.5.0, moz:processID: 66942, moz:profile: /var/folders/f8/9zv0_j0s09b..., moz:shutdownTimeout: 60000, moz:useNonSpecCompliantPointerOrigin: false, moz:webdriverClick: true, moz:windowless: false, pageLoadStrategy: normal, platformName: MAC, proxy: Proxy(), se:cdp: ws://127.0.0.1:24215/devtoo..., se:cdpVersion: 85.0, setWindowRect: true, strictFileInteractability: false, timeouts: {implicit: 0, pageLoad: 300000, script: 30000}, unhandledPromptBehavior: dismiss and notify}
Element: [[FirefoxDriver: firefox on MAC (45cf2cfc-9b9b-4779-8e45-111d32cfbcc6)] -&gt; xpath: //h5[@itemprop=&apos;name&apos;]//a[@title=&apos;Printed Dress&apos;]]
Session ID: 45cf2cfc-9b9b-4779-8e45-111d32cfbcc6
	at org.openqa.selenium.remote.codec.w3c.W3CHttpResponseCodec.createException(W3CHttpResponseCodec.java:200)
	at org.openqa.selenium.remote.codec.w3c.W3CHttpResponseCodec.decode(W3CHttpResponseCodec.java:133)
	at org.openqa.selenium.remote.codec.w3c.W3CHttpResponseCodec.decode(W3CHttpResponseCodec.java:53)
	at org.openqa.selenium.remote.HttpCommandExecutor.execute(HttpCommandExecutor.java:184)
	at org.openqa.selenium.remote.service.DriverCommandExecutor.invokeExecute(DriverCommandExecutor.java:167)
	at org.openqa.selenium.remote.service.DriverCommandExecutor.execute(DriverCommandExecutor.java:142)
	at org.openqa.selenium.remote.RemoteWebDriver.execute(RemoteWebDriver.java:543)
	at org.openqa.selenium.remote.RemoteWebElement.execute(RemoteWebElement.java:257)
	at org.openqa.selenium.remote.RemoteWebElement.click(RemoteWebElement.java:78)
	at by.teachmeskills.page.ProductsPage.searchByFullName(ProductsPage.java:89)
	at by.teachmeskills.SearchTest.searchItemByFullName(SearchTest.java:32)
	at java.base/java.util.ArrayList.forEach(ArrayList.java:1511)
	at java.base/java.util.concurrent.FutureTask.run(FutureTask.java:264)
	at java.base/java.util.concurrent.ThreadPoolExecutor.runWorker(ThreadPoolExecutor.java:1136)
	at java.base/java.util.concurrent.ThreadPoolExecutor$Worker.run(ThreadPoolExecutor.java:635)
	at java.base/java.lang.Thread.run(Thread.java:833)
... Removed 18 stack frames</div></td></tr></table><p class="totop"><a href="#summary">back to summary</a></p>
<h3 id="m3">by.teachmeskills.SearchTest#searchItemByFullName</h3><table class="result"><tr><th>Exception</th></tr><tr><td><div class="stacktrace">org.openqa.selenium.ElementClickInterceptedException: Element &lt;a class=&quot;product-name&quot; href=&quot;http://prestashop.qatestlab.com.ua/ru/casual-dresses/3-printed-dress.html?search_query=Printed&amp;results=13&quot;&gt; is not clickable at point (749,853) because another element &lt;html class=&quot;&quot;&gt; obscures it
Build info: version: &apos;4.8.1&apos;, revision: &apos;8ebccac989&apos;
System info: os.name: &apos;Mac OS X&apos;, os.arch: &apos;aarch64&apos;, os.version: &apos;13.4.1&apos;, java.version: &apos;18.0.2&apos;
Driver info: org.openqa.selenium.firefox.FirefoxDriver
Command: [f0d67b8c-50a4-4c3e-99a5-d15e78d372a6, clickElement {id=57ad9ff0-e5fe-44a2-bb7d-93668d1d4a2b}]
Capabilities {acceptInsecureCerts: true, browserName: firefox, browserVersion: 115.0.2, moz:accessibilityChecks: false, moz:buildID: 20230710165010, moz:debuggerAddress: 127.0.0.1:5923, moz:geckodriverVersion: 0.33.0, moz:headless: false, moz:platformVersion: 22.5.0, moz:processID: 66893, moz:profile: /var/folders/f8/9zv0_j0s09b..., moz:shutdownTimeout: 60000, moz:useNonSpecCompliantPointerOrigin: false, moz:webdriverClick: true, moz:windowless: false, pageLoadStrategy: normal, platformName: MAC, proxy: Proxy(), se:cdp: ws://127.0.0.1:5923/devtool..., se:cdpVersion: 85.0, setWindowRect: true, strictFileInteractability: false, timeouts: {implicit: 0, pageLoad: 300000, script: 30000}, unhandledPromptBehavior: dismiss and notify}
Element: [[FirefoxDriver: firefox on MAC (f0d67b8c-50a4-4c3e-99a5-d15e78d372a6)] -&gt; xpath: //h5[@itemprop=&apos;name&apos;]//a[@title=&apos;Printed Dress&apos;]]
Session ID: f0d67b8c-50a4-4c3e-99a5-d15e78d372a6
	at org.openqa.selenium.remote.codec.w3c.W3CHttpResponseCodec.createException(W3CHttpResponseCodec.java:200)
	at org.openqa.selenium.remote.codec.w3c.W3CHttpResponseCodec.decode(W3CHttpResponseCodec.java:133)
	at org.openqa.selenium.remote.codec.w3c.W3CHttpResponseCodec.decode(W3CHttpResponseCodec.java:53)
	at org.openqa.selenium.remote.HttpCommandExecutor.execute(HttpCommandExecutor.java:184)
	at org.openqa.selenium.remote.service.DriverCommandExecutor.invokeExecute(DriverCommandExecutor.java:167)
	at org.openqa.selenium.remote.service.DriverCommandExecutor.execute(DriverCommandExecutor.java:142)
	at org.openqa.selenium.remote.RemoteWebDriver.execute(RemoteWebDriver.java:543)
	at org.openqa.selenium.remote.RemoteWebElement.execute(RemoteWebElement.java:257)
	at org.openqa.selenium.remote.RemoteWebElement.click(RemoteWebElement.java:78)
	at by.teachmeskills.page.ProductsPage.searchByFullName(ProductsPage.java:89)
	at by.teachmeskills.SearchTest.searchItemByFullName(SearchTest.java:32)
	at java.base/java.util.ArrayList.forEach(ArrayList.java:1511)
	at java.base/java.util.concurrent.FutureTask.run(FutureTask.java:264)
	at java.base/java.util.concurrent.ThreadPoolExecutor.runWorker(ThreadPoolExecutor.java:1136)
	at java.base/java.util.concurrent.ThreadPoolExecutor$Worker.run(ThreadPoolExecutor.java:635)
	at java.base/java.lang.Thread.run(Thread.java:833)
... Removed 18 stack frames</div></td></tr></table><p class="totop"><a href="#summary">back to summary</a></p>
<h3 id="m4">by.teachmeskills.SearchTest#searchItemByFullName</h3><table class="result"><tr><th>Exception</th></tr><tr><td><div class="stacktrace">org.openqa.selenium.ElementClickInterceptedException: Element &lt;a class=&quot;product-name&quot; href=&quot;http://prestashop.qatestlab.com.ua/ru/casual-dresses/3-printed-dress.html?search_query=Printed&amp;results=13&quot;&gt; is not clickable at point (749,853) because another element &lt;html class=&quot;&quot;&gt; obscures it
Build info: version: &apos;4.8.1&apos;, revision: &apos;8ebccac989&apos;
System info: os.name: &apos;Mac OS X&apos;, os.arch: &apos;aarch64&apos;, os.version: &apos;13.4.1&apos;, java.version: &apos;18.0.2&apos;
Driver info: org.openqa.selenium.firefox.FirefoxDriver
Command: [2da75547-6514-478a-8790-29236c19b3b1, clickElement {id=fc8cdd8c-5ea4-4b1a-a2da-a8dce6144aca}]
Capabilities {acceptInsecureCerts: true, browserName: firefox, browserVersion: 115.0.2, moz:accessibilityChecks: false, moz:buildID: 20230710165010, moz:debuggerAddress: 127.0.0.1:39400, moz:geckodriverVersion: 0.33.0, moz:headless: false, moz:platformVersion: 22.5.0, moz:processID: 66924, moz:profile: /var/folders/f8/9zv0_j0s09b..., moz:shutdownTimeout: 60000, moz:useNonSpecCompliantPointerOrigin: false, moz:webdriverClick: true, moz:windowless: false, pageLoadStrategy: normal, platformName: MAC, proxy: Proxy(), se:cdp: ws://127.0.0.1:39400/devtoo..., se:cdpVersion: 85.0, setWindowRect: true, strictFileInteractability: false, timeouts: {implicit: 0, pageLoad: 300000, script: 30000}, unhandledPromptBehavior: dismiss and notify}
Element: [[FirefoxDriver: firefox on MAC (2da75547-6514-478a-8790-29236c19b3b1)] -&gt; xpath: //h5[@itemprop=&apos;name&apos;]//a[@title=&apos;Printed Dress&apos;]]
Session ID: 2da75547-6514-478a-8790-29236c19b3b1
	at org.openqa.selenium.remote.codec.w3c.W3CHttpResponseCodec.createException(W3CHttpResponseCodec.java:200)
	at org.openqa.selenium.remote.codec.w3c.W3CHttpResponseCodec.decode(W3CHttpResponseCodec.java:133)
	at org.openqa.selenium.remote.codec.w3c.W3CHttpResponseCodec.decode(W3CHttpResponseCodec.java:53)
	at org.openqa.selenium.remote.HttpCommandExecutor.execute(HttpCommandExecutor.java:184)
	at org.openqa.selenium.remote.service.DriverCommandExecutor.invokeExecute(DriverCommandExecutor.java:167)
	at org.openqa.selenium.remote.service.DriverCommandExecutor.execute(DriverCommandExecutor.java:142)
	at org.openqa.selenium.remote.RemoteWebDriver.execute(RemoteWebDriver.java:543)
	at org.openqa.selenium.remote.RemoteWebElement.execute(RemoteWebElement.java:257)
	at org.openqa.selenium.remote.RemoteWebElement.click(RemoteWebElement.java:78)
	at by.teachmeskills.page.ProductsPage.searchByFullName(ProductsPage.java:89)
	at by.teachmeskills.SearchTest.searchItemByFullName(SearchTest.java:32)
	at java.base/java.util.ArrayList.forEach(ArrayList.java:1511)
	at java.base/java.util.concurrent.FutureTask.run(FutureTask.java:264)
	at java.base/java.util.concurrent.ThreadPoolExecutor.runWorker(ThreadPoolExecutor.java:1136)
	at java.base/java.util.concurrent.ThreadPoolExecutor$Worker.run(ThreadPoolExecutor.java:635)
	at java.base/java.lang.Thread.run(Thread.java:833)
... Removed 18 stack frames</div></td></tr></table><p class="totop"><a href="#summary">back to summary</a></p>
<h3 id="m5">by.teachmeskills.AccountTest#checkedOrderHistory</h3><table class="result"><tr><th class="invisible"/></tr></table><p class="totop"><a href="#summary">back to summary</a></p>
<h3 id="m6">by.teachmeskills.SearchTest#emptySearch</h3><table class="result"><tr><th class="invisible"/></tr></table><p class="totop"><a href="#summary">back to summary</a></p>
<h3 id="m7">by.teachmeskills.SearchTest#searchItemByFirstChr</h3><table class="result"><tr><th class="invisible"/></tr></table><p class="totop"><a href="#summary">back to summary</a></p>
<h3 id="m8">by.teachmeskills.SearchTest#wrongSearch</h3><table class="result"><tr><th class="invisible"/></tr></table><p class="totop"><a href="#summary">back to summary</a></p>
<h2>Tests for Chrome</h2><h3 id="m9">by.teachmeskills.CartTest#checkedAddingItemToCart</h3><table class="result"><tr><th class="invisible"/></tr></table><p class="totop"><a href="#summary">back to summary</a></p>
<h3 id="m10">by.teachmeskills.CartTest#payByBankWire</h3><table class="result"><tr><th class="invisible"/></tr></table><p class="totop"><a href="#summary">back to summary</a></p>
<h3 id="m11">by.teachmeskills.CartTest#payByCheck</h3><table class="result"><tr><th class="invisible"/></tr></table><p class="totop"><a href="#summary">back to summary</a></p>
<h3 id="m12">by.teachmeskills.LoginTest#loginValidUser</h3><table class="result"><tr><th class="invisible"/></tr></table><p class="totop"><a href="#summary">back to summary</a></p>
<h3 id="m13">by.teachmeskills.LoginTest#loginWithWrongEmail</h3><table class="result"><tr><th class="invisible"/></tr></table><p class="totop"><a href="#summary">back to summary</a></p>
<h3 id="m14">by.teachmeskills.LoginTest#loginWithWrongPassword</h3><table class="result"><tr><th class="invisible"/></tr></table><p class="totop"><a href="#summary">back to summary</a></p>
<h3 id="m15">by.teachmeskills.LoginTest#loginWithoutData</h3><table class="result"><tr><th class="invisible"/></tr></table><p class="totop"><a href="#summary">back to summary</a></p>
<h3 id="m16">by.teachmeskills.LoginTest#loginWithoutPassword</h3><table class="result"><tr><th class="invisible"/></tr></table><p class="totop"><a href="#summary">back to summary</a></p>
<h3 id="m17">by.teachmeskills.LoginTest#logoutTest</h3><table class="result"><tr><th class="invisible"/></tr></table><p class="totop"><a href="#summary">back to summary</a></p>
</body>
</html>
