<?xml version="1.0" encoding="UTF-8"?>
<!-- Generated by org.testng.reporters.JUnitXMLReporter -->
<testsuite ignored="0" hostname="MacBook-Pro-Alexandra.local" failures="3" tests="9" name="Tests for Firefox" time="82.868" errors="0" timestamp="2023-07-24T23:14:46 AMT">
  <testcase classname="by.teachmeskills.SearchTest" name="emptySearch" time="4.563"/>
  <testcase classname="by.teachmeskills.SearchTest" name="searchItemByFirstChr" time="4.658"/>
  <testcase classname="by.teachmeskills.SearchTest" name="searchItemByFullName" time="5.004">
    <skipped/>
  </testcase> <!-- searchItemByFullName -->
  <testcase classname="by.teachmeskills.SearchTest" name="searchItemByFullName" time="5.796">
    <skipped/>
  </testcase> <!-- searchItemByFullName -->
  <testcase classname="by.teachmeskills.SearchTest" name="searchItemByFullName" time="4.827">
    <failure type="org.openqa.selenium.ElementClickInterceptedException" message="Element &amp;lt;a class=&amp;quot;product-name&amp;quot; href=&amp;quot;http://prestashop.qatestlab.com.ua/ru/casual-dresses/3-printed-dress.html?search_query=Printed&amp;amp;results=13&amp;quot;&amp;gt; is not clickable at point (749,853) because another element &amp;lt;html class=&amp;quot;&amp;quot;&amp;gt; obscures it
Build info: version: &amp;apos;4.8.1&amp;apos;, revision: &amp;apos;8ebccac989&amp;apos;
System info: os.name: &amp;apos;Mac OS X&amp;apos;, os.arch: &amp;apos;aarch64&amp;apos;, os.version: &amp;apos;13.4.1&amp;apos;, java.version: &amp;apos;18.0.2&amp;apos;
Driver info: org.openqa.selenium.firefox.FirefoxDriver
Command: [45cf2cfc-9b9b-4779-8e45-111d32cfbcc6, clickElement {id=06677a33-51b5-448f-9a90-6fb6709db4d4}]
Capabilities {acceptInsecureCerts: true, browserName: firefox, browserVersion: 115.0.2, moz:accessibilityChecks: false, moz:buildID: 20230710165010, moz:debuggerAddress: 127.0.0.1:24215, moz:geckodriverVersion: 0.33.0, moz:headless: false, moz:platformVersion: 22.5.0, moz:processID: 66942, moz:profile: /var/folders/f8/9zv0_j0s09b..., moz:shutdownTimeout: 60000, moz:useNonSpecCompliantPointerOrigin: false, moz:webdriverClick: true, moz:windowless: false, pageLoadStrategy: normal, platformName: MAC, proxy: Proxy(), se:cdp: ws://127.0.0.1:24215/devtoo..., se:cdpVersion: 85.0, setWindowRect: true, strictFileInteractability: false, timeouts: {implicit: 0, pageLoad: 300000, script: 30000}, unhandledPromptBehavior: dismiss and notify}
Element: [[FirefoxDriver: firefox on MAC (45cf2cfc-9b9b-4779-8e45-111d32cfbcc6)] -&amp;gt; xpath: //h5[@itemprop=&amp;apos;name&amp;apos;]//a[@title=&amp;apos;Printed Dress&amp;apos;]]
Session ID: 45cf2cfc-9b9b-4779-8e45-111d32cfbcc6">
      <![CDATA[org.openqa.selenium.ElementClickInterceptedException: Element <a class="product-name" href="http://prestashop.qatestlab.com.ua/ru/casual-dresses/3-printed-dress.html?search_query=Printed&results=13"> is not clickable at point (749,853) because another element <html class=""> obscures it
Build info: version: '4.8.1', revision: '8ebccac989'
System info: os.name: 'Mac OS X', os.arch: 'aarch64', os.version: '13.4.1', java.version: '18.0.2'
Driver info: org.openqa.selenium.firefox.FirefoxDriver
Command: [45cf2cfc-9b9b-4779-8e45-111d32cfbcc6, clickElement {id=06677a33-51b5-448f-9a90-6fb6709db4d4}]
Capabilities {acceptInsecureCerts: true, browserName: firefox, browserVersion: 115.0.2, moz:accessibilityChecks: false, moz:buildID: 20230710165010, moz:debuggerAddress: 127.0.0.1:24215, moz:geckodriverVersion: 0.33.0, moz:headless: false, moz:platformVersion: 22.5.0, moz:processID: 66942, moz:profile: /var/folders/f8/9zv0_j0s09b..., moz:shutdownTimeout: 60000, moz:useNonSpecCompliantPointerOrigin: false, moz:webdriverClick: true, moz:windowless: false, pageLoadStrategy: normal, platformName: MAC, proxy: Proxy(), se:cdp: ws://127.0.0.1:24215/devtoo..., se:cdpVersion: 85.0, setWindowRect: true, strictFileInteractability: false, timeouts: {implicit: 0, pageLoad: 300000, script: 30000}, unhandledPromptBehavior: dismiss and notify}
Element: [[FirefoxDriver: firefox on MAC (45cf2cfc-9b9b-4779-8e45-111d32cfbcc6)] -> xpath: //h5[@itemprop='name']//a[@title='Printed Dress']]
Session ID: 45cf2cfc-9b9b-4779-8e45-111d32cfbcc6
at org.openqa.selenium.remote.codec.w3c.W3CHttpResponseCodec.createException(W3CHttpResponseCodec.java:200)
at org.openqa.selenium.remote.codec.w3c.W3CHttpResponseCodec.decode(W3CHttpResponseCodec.java:133)
at org.openqa.selenium.remote.codec.w3c.W3CHttpResponseCodec.decode(W3CHttpResponseCodec.java:53)
at org.openqa.selenium.remote.HttpCommandExecutor.execute(HttpCommandExecutor.java:184)
at org.openqa.selenium.remote.service.DriverCommandExecutor.invokeExecute(DriverCommandExecutor.java:167)
at org.openqa.selenium.remote.service.DriverCommandExecutor.execute(DriverCommandExecutor.java:142)
at org.openqa.selenium.remote.RemoteWebDriver.execute(RemoteWebDriver.java:543)
at org.openqa.selenium.remote.RemoteWebElement.execute(RemoteWebElement.java:257)
at org.openqa.selenium.remote.RemoteWebElement.click(RemoteWebElement.java:78)
at by.teachmeskills.page.ProductsPage.searchByFullName(ProductsPage.java:89)
at by.teachmeskills.SearchTest.searchItemByFullName(SearchTest.java:32)
at java.base/java.util.ArrayList.forEach(ArrayList.java:1511)
at java.base/java.util.concurrent.FutureTask.run(FutureTask.java:264)
at java.base/java.util.concurrent.ThreadPoolExecutor.runWorker(ThreadPoolExecutor.java:1136)
at java.base/java.util.concurrent.ThreadPoolExecutor$Worker.run(ThreadPoolExecutor.java:635)
at java.base/java.lang.Thread.run(Thread.java:833)
... Removed 18 stack frames]]>
    </failure>
  </testcase> <!-- searchItemByFullName -->
  <testcase classname="by.teachmeskills.SearchTest" name="wrongSearch" time="4.212"/>
  <testcase classname="by.teachmeskills.AccountTest" name="addAddress" time="10.774">
    <failure type="org.openqa.selenium.ElementClickInterceptedException" message="Element &amp;lt;select id=&amp;quot;id_country&amp;quot; class=&amp;quot;form-control&amp;quot; name=&amp;quot;id_country&amp;quot;&amp;gt; is not clickable at point (468,851) because another element &amp;lt;html class=&amp;quot;&amp;quot;&amp;gt; obscures it
Build info: version: &amp;apos;4.8.1&amp;apos;, revision: &amp;apos;8ebccac989&amp;apos;
System info: os.name: &amp;apos;Mac OS X&amp;apos;, os.arch: &amp;apos;aarch64&amp;apos;, os.version: &amp;apos;13.4.1&amp;apos;, java.version: &amp;apos;18.0.2&amp;apos;
Driver info: org.openqa.selenium.firefox.FirefoxDriver
Command: [601e2be1-236e-40b5-be4c-c0f0dec2bbac, clickElement {id=3dbc077c-0cdd-4d00-bf9d-8a11d4912f8d}]
Capabilities {acceptInsecureCerts: true, browserName: firefox, browserVersion: 115.0.2, moz:accessibilityChecks: false, moz:buildID: 20230710165010, moz:debuggerAddress: 127.0.0.1:40844, moz:geckodriverVersion: 0.33.0, moz:headless: false, moz:platformVersion: 22.5.0, moz:processID: 67018, moz:profile: /var/folders/f8/9zv0_j0s09b..., moz:shutdownTimeout: 60000, moz:useNonSpecCompliantPointerOrigin: false, moz:webdriverClick: true, moz:windowless: false, pageLoadStrategy: normal, platformName: MAC, proxy: Proxy(), se:cdp: ws://127.0.0.1:40844/devtoo..., se:cdpVersion: 85.0, setWindowRect: true, strictFileInteractability: false, timeouts: {implicit: 0, pageLoad: 300000, script: 30000}, unhandledPromptBehavior: dismiss and notify}
Element: [[FirefoxDriver: firefox on MAC (601e2be1-236e-40b5-be4c-c0f0dec2bbac)] -&amp;gt; id: id_country]
Session ID: 601e2be1-236e-40b5-be4c-c0f0dec2bbac">
      <![CDATA[org.openqa.selenium.ElementClickInterceptedException: Element <select id="id_country" class="form-control" name="id_country"> is not clickable at point (468,851) because another element <html class=""> obscures it
Build info: version: '4.8.1', revision: '8ebccac989'
System info: os.name: 'Mac OS X', os.arch: 'aarch64', os.version: '13.4.1', java.version: '18.0.2'
Driver info: org.openqa.selenium.firefox.FirefoxDriver
Command: [601e2be1-236e-40b5-be4c-c0f0dec2bbac, clickElement {id=3dbc077c-0cdd-4d00-bf9d-8a11d4912f8d}]
Capabilities {acceptInsecureCerts: true, browserName: firefox, browserVersion: 115.0.2, moz:accessibilityChecks: false, moz:buildID: 20230710165010, moz:debuggerAddress: 127.0.0.1:40844, moz:geckodriverVersion: 0.33.0, moz:headless: false, moz:platformVersion: 22.5.0, moz:processID: 67018, moz:profile: /var/folders/f8/9zv0_j0s09b..., moz:shutdownTimeout: 60000, moz:useNonSpecCompliantPointerOrigin: false, moz:webdriverClick: true, moz:windowless: false, pageLoadStrategy: normal, platformName: MAC, proxy: Proxy(), se:cdp: ws://127.0.0.1:40844/devtoo..., se:cdpVersion: 85.0, setWindowRect: true, strictFileInteractability: false, timeouts: {implicit: 0, pageLoad: 300000, script: 30000}, unhandledPromptBehavior: dismiss and notify}
Element: [[FirefoxDriver: firefox on MAC (601e2be1-236e-40b5-be4c-c0f0dec2bbac)] -> id: id_country]
Session ID: 601e2be1-236e-40b5-be4c-c0f0dec2bbac
at org.openqa.selenium.remote.codec.w3c.W3CHttpResponseCodec.createException(W3CHttpResponseCodec.java:200)
at org.openqa.selenium.remote.codec.w3c.W3CHttpResponseCodec.decode(W3CHttpResponseCodec.java:133)
at org.openqa.selenium.remote.codec.w3c.W3CHttpResponseCodec.decode(W3CHttpResponseCodec.java:53)
at org.openqa.selenium.remote.HttpCommandExecutor.execute(HttpCommandExecutor.java:184)
at org.openqa.selenium.remote.service.DriverCommandExecutor.invokeExecute(DriverCommandExecutor.java:167)
at org.openqa.selenium.remote.service.DriverCommandExecutor.execute(DriverCommandExecutor.java:142)
at org.openqa.selenium.remote.RemoteWebDriver.execute(RemoteWebDriver.java:543)
at org.openqa.selenium.remote.RemoteWebElement.execute(RemoteWebElement.java:257)
at org.openqa.selenium.remote.RemoteWebElement.click(RemoteWebElement.java:78)
at by.teachmeskills.page.AccountPage.addNewAddressWithRequiredFields(AccountPage.java:48)
at by.teachmeskills.AccountTest.addAddress(AccountTest.java:18)
at java.base/java.util.ArrayList.forEach(ArrayList.java:1511)
at java.base/java.util.concurrent.FutureTask.run(FutureTask.java:264)
at java.base/java.util.concurrent.ThreadPoolExecutor.runWorker(ThreadPoolExecutor.java:1136)
at java.base/java.util.concurrent.ThreadPoolExecutor$Worker.run(ThreadPoolExecutor.java:635)
at java.base/java.lang.Thread.run(Thread.java:833)
... Removed 18 stack frames]]>
    </failure>
  </testcase> <!-- addAddress -->
  <testcase classname="by.teachmeskills.AccountTest" name="checkedOrderHistory" time="9.842"/>
  <testcase classname="by.teachmeskills.AccountTest" name="deleteAddress" time="8.557">
    <failure type="org.openqa.selenium.ElementClickInterceptedException" message="Element &amp;lt;select id=&amp;quot;id_country&amp;quot; class=&amp;quot;form-control&amp;quot; name=&amp;quot;id_country&amp;quot;&amp;gt; is not clickable at point (468,851) because another element &amp;lt;html class=&amp;quot;&amp;quot;&amp;gt; obscures it
Build info: version: &amp;apos;4.8.1&amp;apos;, revision: &amp;apos;8ebccac989&amp;apos;
System info: os.name: &amp;apos;Mac OS X&amp;apos;, os.arch: &amp;apos;aarch64&amp;apos;, os.version: &amp;apos;13.4.1&amp;apos;, java.version: &amp;apos;18.0.2&amp;apos;
Driver info: org.openqa.selenium.firefox.FirefoxDriver
Command: [7df27232-ff22-44da-811b-ce35c956e3d6, clickElement {id=77c59ef8-9daa-4584-b81e-e0870ce2b5f2}]
Capabilities {acceptInsecureCerts: true, browserName: firefox, browserVersion: 115.0.2, moz:accessibilityChecks: false, moz:buildID: 20230710165010, moz:debuggerAddress: 127.0.0.1:28244, moz:geckodriverVersion: 0.33.0, moz:headless: false, moz:platformVersion: 22.5.0, moz:processID: 67097, moz:profile: /var/folders/f8/9zv0_j0s09b..., moz:shutdownTimeout: 60000, moz:useNonSpecCompliantPointerOrigin: false, moz:webdriverClick: true, moz:windowless: false, pageLoadStrategy: normal, platformName: MAC, proxy: Proxy(), se:cdp: ws://127.0.0.1:28244/devtoo..., se:cdpVersion: 85.0, setWindowRect: true, strictFileInteractability: false, timeouts: {implicit: 0, pageLoad: 300000, script: 30000}, unhandledPromptBehavior: dismiss and notify}
Element: [[FirefoxDriver: firefox on MAC (7df27232-ff22-44da-811b-ce35c956e3d6)] -&amp;gt; id: id_country]
Session ID: 7df27232-ff22-44da-811b-ce35c956e3d6">
      <![CDATA[org.openqa.selenium.ElementClickInterceptedException: Element <select id="id_country" class="form-control" name="id_country"> is not clickable at point (468,851) because another element <html class=""> obscures it
Build info: version: '4.8.1', revision: '8ebccac989'
System info: os.name: 'Mac OS X', os.arch: 'aarch64', os.version: '13.4.1', java.version: '18.0.2'
Driver info: org.openqa.selenium.firefox.FirefoxDriver
Command: [7df27232-ff22-44da-811b-ce35c956e3d6, clickElement {id=77c59ef8-9daa-4584-b81e-e0870ce2b5f2}]
Capabilities {acceptInsecureCerts: true, browserName: firefox, browserVersion: 115.0.2, moz:accessibilityChecks: false, moz:buildID: 20230710165010, moz:debuggerAddress: 127.0.0.1:28244, moz:geckodriverVersion: 0.33.0, moz:headless: false, moz:platformVersion: 22.5.0, moz:processID: 67097, moz:profile: /var/folders/f8/9zv0_j0s09b..., moz:shutdownTimeout: 60000, moz:useNonSpecCompliantPointerOrigin: false, moz:webdriverClick: true, moz:windowless: false, pageLoadStrategy: normal, platformName: MAC, proxy: Proxy(), se:cdp: ws://127.0.0.1:28244/devtoo..., se:cdpVersion: 85.0, setWindowRect: true, strictFileInteractability: false, timeouts: {implicit: 0, pageLoad: 300000, script: 30000}, unhandledPromptBehavior: dismiss and notify}
Element: [[FirefoxDriver: firefox on MAC (7df27232-ff22-44da-811b-ce35c956e3d6)] -> id: id_country]
Session ID: 7df27232-ff22-44da-811b-ce35c956e3d6
at org.openqa.selenium.remote.codec.w3c.W3CHttpResponseCodec.createException(W3CHttpResponseCodec.java:200)
at org.openqa.selenium.remote.codec.w3c.W3CHttpResponseCodec.decode(W3CHttpResponseCodec.java:133)
at org.openqa.selenium.remote.codec.w3c.W3CHttpResponseCodec.decode(W3CHttpResponseCodec.java:53)
at org.openqa.selenium.remote.HttpCommandExecutor.execute(HttpCommandExecutor.java:184)
at org.openqa.selenium.remote.service.DriverCommandExecutor.invokeExecute(DriverCommandExecutor.java:167)
at org.openqa.selenium.remote.service.DriverCommandExecutor.execute(DriverCommandExecutor.java:142)
at org.openqa.selenium.remote.RemoteWebDriver.execute(RemoteWebDriver.java:543)
at org.openqa.selenium.remote.RemoteWebElement.execute(RemoteWebElement.java:257)
at org.openqa.selenium.remote.RemoteWebElement.click(RemoteWebElement.java:78)
at by.teachmeskills.page.AccountPage.addNewAddressWithRequiredFields(AccountPage.java:48)
at by.teachmeskills.AccountTest.deleteAddress(AccountTest.java:37)
at java.base/java.util.ArrayList.forEach(ArrayList.java:1511)
at java.base/java.util.concurrent.FutureTask.run(FutureTask.java:264)
at java.base/java.util.concurrent.ThreadPoolExecutor.runWorker(ThreadPoolExecutor.java:1136)
at java.base/java.util.concurrent.ThreadPoolExecutor$Worker.run(ThreadPoolExecutor.java:635)
at java.base/java.lang.Thread.run(Thread.java:833)
... Removed 18 stack frames]]>
    </failure>
  </testcase> <!-- deleteAddress -->
</testsuite> <!-- Tests for Firefox -->
